[debug] [2023-04-29T04:00:35.237Z] ----------------------------------------------------------------------
[debug] [2023-04-29T04:00:35.241Z] Command:       C:\Program Files\nodejs\node.exe C:\Users\hp\AppData\Roaming\npm\node_modules\firebase-tools\lib\bin\firebase.js login
[debug] [2023-04-29T04:00:35.242Z] CLI Version:   11.29.1
[debug] [2023-04-29T04:00:35.242Z] Platform:      win32
[debug] [2023-04-29T04:00:35.242Z] Node Version:  v19.6.0
[debug] [2023-04-29T04:00:35.242Z] Time:          Sat Apr 29 2023 06:00:35 GMT+0200 (Eastern European Standard Time)
[debug] [2023-04-29T04:00:35.242Z] ----------------------------------------------------------------------
[debug] 
[info] i  Firebase optionally collects CLI and Emulator Suite usage and error reporting information to help improve our products. Data is collected in accordance with Google's privacy policy (https://policies.google.com/privacy) and is not used to identify you.
 
[info] i  To change your data collection preference at any time, run `firebase logout` and log in again. 
[info] 
[info] Visit this URL on this device to log in:
[info] https://accounts.google.com/o/oauth2/auth?client_id=563584335869-fgrhgmd47bqnekij5i8b5pr03ho849e6.apps.googleusercontent.com&scope=email%20openid%20https%3A%2F%2Fwww.googleapis.com%2Fauth%2Fcloudplatformprojects.readonly%20https%3A%2F%2Fwww.googleapis.com%2Fauth%2Ffirebase%20https%3A%2F%2Fwww.googleapis.com%2Fauth%2Fcloud-platform&response_type=code&state=165442968&redirect_uri=http%3A%2F%2Flocalhost%3A9005
[info] 
[info] Waiting for authentication...
[debug] [2023-04-29T04:00:41.434Z] Error: spawn cmd ENOENT
    at ChildProcess._handle.onexit (node:internal/child_process:285:19)
    at onErrorNT (node:internal/child_process:483:16)
    at process.processTicksAndRejections (node:internal/process/task_queues:82:21)
[error] 
[error] Error: An unexpected error has occurred.
[debug] [2023-04-29T04:00:41.457Z] >>> [apiv2][query] POST https://auth.firebase.tools/attest [none]
[debug] [2023-04-29T04:00:41.457Z] >>> [apiv2][body] POST https://auth.firebase.tools/attest {"session_id":"4b48bdef-fda5-4a37-a0f7-58ac5530215d"}
